0 info it worked if it ends with ok
1 verbose cli [ 'C:\\Program Files\\nodejs\\node.exe',
1 verbose cli   'C:\\Program Files\\nodejs\\node_modules\\npm\\bin\\npm-cli.js',
1 verbose cli   'install',
1 verbose cli   'bodyParser' ]
2 info using npm@2.14.4
3 info using node@v4.1.1
4 verbose install initial load of C:\Users\Cheryl\Documents\GitHub\pawdoption\package.json
5 warn package.json pawdoption@1.0.0 No description
6 verbose installManyTop reading scoped package data from C:\Users\Cheryl\Documents\GitHub\pawdoption\node_modules\body-parser\package.json
7 verbose installManyTop reading scoped package data from C:\Users\Cheryl\Documents\GitHub\pawdoption\node_modules\ejs\package.json
8 verbose installManyTop reading scoped package data from C:\Users\Cheryl\Documents\GitHub\pawdoption\node_modules\express\package.json
9 verbose installManyTop reading scoped package data from C:\Users\Cheryl\Documents\GitHub\pawdoption\node_modules\json\package.json
10 verbose installManyTop reading scoped package data from C:\Users\Cheryl\Documents\GitHub\pawdoption\node_modules\mysql\package.json
11 info package.json json@9.0.3 No license field.
12 info package.json ejs@1.0.0 No license field.
13 verbose readDependencies loading dependencies from C:\Users\Cheryl\Documents\GitHub\pawdoption\package.json
14 silly cache add args [ 'bodyParser', null ]
15 verbose cache add spec bodyParser
16 silly cache add parsed spec Result {
16 silly cache add   raw: 'bodyParser',
16 silly cache add   scope: null,
16 silly cache add   name: 'bodyParser',
16 silly cache add   rawSpec: '',
16 silly cache add   spec: '*',
16 silly cache add   type: 'range' }
17 silly addNamed bodyParser@*
18 verbose addNamed "*" is a valid semver range for bodyParser
19 silly addNameRange { name: 'bodyParser', range: '*', hasData: false }
20 silly mapToRegistry name bodyParser
21 silly mapToRegistry using default registry
22 silly mapToRegistry registry https://registry.npmjs.org/
23 silly mapToRegistry uri https://registry.npmjs.org/bodyParser
24 verbose addNameRange registry:https://registry.npmjs.org/bodyParser not in flight; fetching
25 verbose request uri https://registry.npmjs.org/bodyParser
26 verbose request no auth needed
27 info attempt registry request try #1 at 1:56:11 AM
28 verbose request id 6c3a5df79c807094
29 http request GET https://registry.npmjs.org/bodyParser
30 http 404 https://registry.npmjs.org/bodyParser
31 verbose headers { 'content-type': 'application/json',
31 verbose headers   'cache-control': 'max-age=0',
31 verbose headers   'content-length': '2',
31 verbose headers   'accept-ranges': 'bytes',
31 verbose headers   date: 'Thu, 03 Dec 2015 06:56:11 GMT',
31 verbose headers   via: '1.1 varnish',
31 verbose headers   age: '0',
31 verbose headers   connection: 'keep-alive',
31 verbose headers   'x-served-by': 'cache-atl6230-ATL',
31 verbose headers   'x-cache': 'MISS',
31 verbose headers   'x-cache-hits': '0',
31 verbose headers   'x-timer': 'S1449125771.179931,VS0,VE351' }
32 silly get cb [ 404,
32 silly get   { 'content-type': 'application/json',
32 silly get     'cache-control': 'max-age=0',
32 silly get     'content-length': '2',
32 silly get     'accept-ranges': 'bytes',
32 silly get     date: 'Thu, 03 Dec 2015 06:56:11 GMT',
32 silly get     via: '1.1 varnish',
32 silly get     age: '0',
32 silly get     connection: 'keep-alive',
32 silly get     'x-served-by': 'cache-atl6230-ATL',
32 silly get     'x-cache': 'MISS',
32 silly get     'x-cache-hits': '0',
32 silly get     'x-timer': 'S1449125771.179931,VS0,VE351' } ]
33 verbose stack Error: Registry returned 404 for GET on https://registry.npmjs.org/bodyParser
33 verbose stack     at makeError (C:\Program Files\nodejs\node_modules\npm\node_modules\npm-registry-client\lib\request.js:263:12)
33 verbose stack     at CachingRegistryClient.<anonymous> (C:\Program Files\nodejs\node_modules\npm\node_modules\npm-registry-client\lib\request.js:241:14)
33 verbose stack     at Request._callback (C:\Program Files\nodejs\node_modules\npm\node_modules\npm-registry-client\lib\request.js:171:14)
33 verbose stack     at Request.self.callback (C:\Program Files\nodejs\node_modules\npm\node_modules\request\request.js:198:22)
33 verbose stack     at emitTwo (events.js:87:13)
33 verbose stack     at Request.emit (events.js:172:7)
33 verbose stack     at Request.<anonymous> (C:\Program Files\nodejs\node_modules\npm\node_modules\request\request.js:1073:14)
33 verbose stack     at emitOne (events.js:82:20)
33 verbose stack     at Request.emit (events.js:169:7)
33 verbose stack     at IncomingMessage.<anonymous> (C:\Program Files\nodejs\node_modules\npm\node_modules\request\request.js:1019:12)
34 verbose statusCode 404
35 verbose pkgid bodyParser
36 verbose cwd C:\Users\Cheryl\Documents\GitHub\pawdoption
37 error Windows_NT 6.1.7601
38 error argv "C:\\Program Files\\nodejs\\node.exe" "C:\\Program Files\\nodejs\\node_modules\\npm\\bin\\npm-cli.js" "install" "bodyParser"
39 error node v4.1.1
40 error npm  v2.14.4
41 error code E404
42 error 404 Registry returned 404 for GET on https://registry.npmjs.org/bodyParser
42 error 404
42 error 404 'bodyParser' is not in the npm registry.
42 error 404 Your package name is not valid, because
42 error 404
42 error 404  1. name can no longer contain capital letters
42 error 404 It was specified as a dependency of 'pawdoption'
42 error 404
42 error 404 Note that you can also install from a
42 error 404 tarball, folder, http url, or git url.
43 verbose exit [ 1, true ]
